  Main.cpp
C:\Users\Brian\Desktop\Semester2Year2\Defferal 212CR Graphics\9032499-212CR-Deferral\212CR-GraphicsEngine-Defferal\Main.cpp(42,48): warning C4091: 'static ': ignored on left of 'object' when no variable is declared
C:\Users\Brian\Desktop\Semester2Year2\Defferal 212CR Graphics\9032499-212CR-Deferral\212CR-GraphicsEngine-Defferal\Main.cpp(43,98): warning C4091: 'static ': ignored on left of 'buffer' when no variable is declared
C:\Users\Brian\Desktop\Semester2Year2\Defferal 212CR Graphics\9032499-212CR-Deferral\212CR-GraphicsEngine-Defferal\Main.cpp(107,10): warning C4244: 'initializing': conversion from 'float' to 'int', possible loss of data
C:\Users\Brian\Desktop\Semester2Year2\Defferal 212CR Graphics\9032499-212CR-Deferral\212CR-GraphicsEngine-Defferal\Main.cpp(110,2): warning C4838: conversion from 'int' to 'const float' requires a narrowing conversion
C:\Users\Brian\Desktop\Semester2Year2\Defferal 212CR Graphics\9032499-212CR-Deferral\212CR-GraphicsEngine-Defferal\Main.cpp(110,2): warning C4244: 'initializing': conversion from 'int' to 'const float', possible loss of data
C:\Users\Brian\Desktop\Semester2Year2\Defferal 212CR Graphics\9032499-212CR-Deferral\212CR-GraphicsEngine-Defferal\Main.cpp(110,8): warning C4838: conversion from 'int' to 'const float' requires a narrowing conversion
C:\Users\Brian\Desktop\Semester2Year2\Defferal 212CR Graphics\9032499-212CR-Deferral\212CR-GraphicsEngine-Defferal\Main.cpp(110,8): warning C4244: 'initializing': conversion from 'int' to 'const float', possible loss of data
C:\Users\Brian\Desktop\Semester2Year2\Defferal 212CR Graphics\9032499-212CR-Deferral\212CR-GraphicsEngine-Defferal\Main.cpp(110,14): warning C4838: conversion from 'int' to 'const float' requires a narrowing conversion
C:\Users\Brian\Desktop\Semester2Year2\Defferal 212CR Graphics\9032499-212CR-Deferral\212CR-GraphicsEngine-Defferal\Main.cpp(110,14): warning C4244: 'initializing': conversion from 'int' to 'const float', possible loss of data
C:\Users\Brian\Desktop\Semester2Year2\Defferal 212CR Graphics\9032499-212CR-Deferral\212CR-GraphicsEngine-Defferal\Main.cpp(111,2): warning C4838: conversion from 'int' to 'const float' requires a narrowing conversion
C:\Users\Brian\Desktop\Semester2Year2\Defferal 212CR Graphics\9032499-212CR-Deferral\212CR-GraphicsEngine-Defferal\Main.cpp(111,2): warning C4244: 'initializing': conversion from 'int' to 'const float', possible loss of data
C:\Users\Brian\Desktop\Semester2Year2\Defferal 212CR Graphics\9032499-212CR-Deferral\212CR-GraphicsEngine-Defferal\Main.cpp(111,8): warning C4838: conversion from 'int' to 'const float' requires a narrowing conversion
C:\Users\Brian\Desktop\Semester2Year2\Defferal 212CR Graphics\9032499-212CR-Deferral\212CR-GraphicsEngine-Defferal\Main.cpp(111,8): warning C4244: 'initializing': conversion from 'int' to 'const float', possible loss of data
C:\Users\Brian\Desktop\Semester2Year2\Defferal 212CR Graphics\9032499-212CR-Deferral\212CR-GraphicsEngine-Defferal\Main.cpp(111,15): warning C4838: conversion from 'int' to 'const float' requires a narrowing conversion
C:\Users\Brian\Desktop\Semester2Year2\Defferal 212CR Graphics\9032499-212CR-Deferral\212CR-GraphicsEngine-Defferal\Main.cpp(111,15): warning C4244: 'initializing': conversion from 'int' to 'const float', possible loss of data
C:\Users\Brian\Desktop\Semester2Year2\Defferal 212CR Graphics\9032499-212CR-Deferral\212CR-GraphicsEngine-Defferal\Main.cpp(112,2): warning C4838: conversion from 'int' to 'const float' requires a narrowing conversion
C:\Users\Brian\Desktop\Semester2Year2\Defferal 212CR Graphics\9032499-212CR-Deferral\212CR-GraphicsEngine-Defferal\Main.cpp(112,2): warning C4244: 'initializing': conversion from 'int' to 'const float', possible loss of data
C:\Users\Brian\Desktop\Semester2Year2\Defferal 212CR Graphics\9032499-212CR-Deferral\212CR-GraphicsEngine-Defferal\Main.cpp(112,9): warning C4838: conversion from 'int' to 'const float' requires a narrowing conversion
C:\Users\Brian\Desktop\Semester2Year2\Defferal 212CR Graphics\9032499-212CR-Deferral\212CR-GraphicsEngine-Defferal\Main.cpp(112,9): warning C4244: 'initializing': conversion from 'int' to 'const float', possible loss of data
C:\Users\Brian\Desktop\Semester2Year2\Defferal 212CR Graphics\9032499-212CR-Deferral\212CR-GraphicsEngine-Defferal\Main.cpp(112,15): warning C4838: conversion from 'int' to 'const float' requires a narrowing conversion
C:\Users\Brian\Desktop\Semester2Year2\Defferal 212CR Graphics\9032499-212CR-Deferral\212CR-GraphicsEngine-Defferal\Main.cpp(112,15): warning C4244: 'initializing': conversion from 'int' to 'const float', possible loss of data
C:\Users\Brian\Desktop\Semester2Year2\Defferal 212CR Graphics\9032499-212CR-Deferral\212CR-GraphicsEngine-Defferal\Main.cpp(113,2): warning C4838: conversion from 'int' to 'const float' requires a narrowing conversion
C:\Users\Brian\Desktop\Semester2Year2\Defferal 212CR Graphics\9032499-212CR-Deferral\212CR-GraphicsEngine-Defferal\Main.cpp(113,2): warning C4244: 'initializing': conversion from 'int' to 'const float', possible loss of data
C:\Users\Brian\Desktop\Semester2Year2\Defferal 212CR Graphics\9032499-212CR-Deferral\212CR-GraphicsEngine-Defferal\Main.cpp(113,8): warning C4838: conversion from 'int' to 'const float' requires a narrowing conversion
C:\Users\Brian\Desktop\Semester2Year2\Defferal 212CR Graphics\9032499-212CR-Deferral\212CR-GraphicsEngine-Defferal\Main.cpp(113,8): warning C4244: 'initializing': conversion from 'int' to 'const float', possible loss of data
C:\Users\Brian\Desktop\Semester2Year2\Defferal 212CR Graphics\9032499-212CR-Deferral\212CR-GraphicsEngine-Defferal\Main.cpp(113,13): warning C4838: conversion from 'int' to 'const float' requires a narrowing conversion
C:\Users\Brian\Desktop\Semester2Year2\Defferal 212CR Graphics\9032499-212CR-Deferral\212CR-GraphicsEngine-Defferal\Main.cpp(113,13): warning C4244: 'initializing': conversion from 'int' to 'const float', possible loss of data
C:\Users\Brian\Desktop\Semester2Year2\Defferal 212CR Graphics\9032499-212CR-Deferral\212CR-GraphicsEngine-Defferal\Main.cpp(114,2): warning C4838: conversion from 'int' to 'const float' requires a narrowing conversion
C:\Users\Brian\Desktop\Semester2Year2\Defferal 212CR Graphics\9032499-212CR-Deferral\212CR-GraphicsEngine-Defferal\Main.cpp(114,2): warning C4244: 'initializing': conversion from 'int' to 'const float', possible loss of data
C:\Users\Brian\Desktop\Semester2Year2\Defferal 212CR Graphics\9032499-212CR-Deferral\212CR-GraphicsEngine-Defferal\Main.cpp(114,8): warning C4838: conversion from 'int' to 'const float' requires a narrowing conversion
C:\Users\Brian\Desktop\Semester2Year2\Defferal 212CR Graphics\9032499-212CR-Deferral\212CR-GraphicsEngine-Defferal\Main.cpp(114,8): warning C4244: 'initializing': conversion from 'int' to 'const float', possible loss of data
C:\Users\Brian\Desktop\Semester2Year2\Defferal 212CR Graphics\9032499-212CR-Deferral\212CR-GraphicsEngine-Defferal\Main.cpp(114,14): warning C4838: conversion from 'int' to 'const float' requires a narrowing conversion
C:\Users\Brian\Desktop\Semester2Year2\Defferal 212CR Graphics\9032499-212CR-Deferral\212CR-GraphicsEngine-Defferal\Main.cpp(114,14): warning C4244: 'initializing': conversion from 'int' to 'const float', possible loss of data
C:\Users\Brian\Desktop\Semester2Year2\Defferal 212CR Graphics\9032499-212CR-Deferral\212CR-GraphicsEngine-Defferal\Main.cpp(115,2): warning C4838: conversion from 'int' to 'const float' requires a narrowing conversion
C:\Users\Brian\Desktop\Semester2Year2\Defferal 212CR Graphics\9032499-212CR-Deferral\212CR-GraphicsEngine-Defferal\Main.cpp(115,2): warning C4244: 'initializing': conversion from 'int' to 'const float', possible loss of data
C:\Users\Brian\Desktop\Semester2Year2\Defferal 212CR Graphics\9032499-212CR-Deferral\212CR-GraphicsEngine-Defferal\Main.cpp(115,9): warning C4838: conversion from 'int' to 'const float' requires a narrowing conversion
C:\Users\Brian\Desktop\Semester2Year2\Defferal 212CR Graphics\9032499-212CR-Deferral\212CR-GraphicsEngine-Defferal\Main.cpp(115,9): warning C4244: 'initializing': conversion from 'int' to 'const float', possible loss of data
C:\Users\Brian\Desktop\Semester2Year2\Defferal 212CR Graphics\9032499-212CR-Deferral\212CR-GraphicsEngine-Defferal\Main.cpp(115,14): warning C4838: conversion from 'int' to 'const float' requires a narrowing conversion
C:\Users\Brian\Desktop\Semester2Year2\Defferal 212CR Graphics\9032499-212CR-Deferral\212CR-GraphicsEngine-Defferal\Main.cpp(115,14): warning C4244: 'initializing': conversion from 'int' to 'const float', possible loss of data
C:\Users\Brian\Desktop\Semester2Year2\Defferal 212CR Graphics\9032499-212CR-Deferral\212CR-GraphicsEngine-Defferal\Main.cpp(116,2): warning C4838: conversion from 'int' to 'const float' requires a narrowing conversion
C:\Users\Brian\Desktop\Semester2Year2\Defferal 212CR Graphics\9032499-212CR-Deferral\212CR-GraphicsEngine-Defferal\Main.cpp(116,2): warning C4244: 'initializing': conversion from 'int' to 'const float', possible loss of data
C:\Users\Brian\Desktop\Semester2Year2\Defferal 212CR Graphics\9032499-212CR-Deferral\212CR-GraphicsEngine-Defferal\Main.cpp(116,7): warning C4838: conversion from 'int' to 'const float' requires a narrowing conversion
C:\Users\Brian\Desktop\Semester2Year2\Defferal 212CR Graphics\9032499-212CR-Deferral\212CR-GraphicsEngine-Defferal\Main.cpp(116,7): warning C4244: 'initializing': conversion from 'int' to 'const float', possible loss of data
C:\Users\Brian\Desktop\Semester2Year2\Defferal 212CR Graphics\9032499-212CR-Deferral\212CR-GraphicsEngine-Defferal\Main.cpp(116,14): warning C4838: conversion from 'int' to 'const float' requires a narrowing conversion
C:\Users\Brian\Desktop\Semester2Year2\Defferal 212CR Graphics\9032499-212CR-Deferral\212CR-GraphicsEngine-Defferal\Main.cpp(116,14): warning C4244: 'initializing': conversion from 'int' to 'const float', possible loss of data
C:\Users\Brian\Desktop\Semester2Year2\Defferal 212CR Graphics\9032499-212CR-Deferral\212CR-GraphicsEngine-Defferal\Main.cpp(117,2): warning C4838: conversion from 'int' to 'const float' requires a narrowing conversion
C:\Users\Brian\Desktop\Semester2Year2\Defferal 212CR Graphics\9032499-212CR-Deferral\212CR-GraphicsEngine-Defferal\Main.cpp(117,2): warning C4244: 'initializing': conversion from 'int' to 'const float', possible loss of data
C:\Users\Brian\Desktop\Semester2Year2\Defferal 212CR Graphics\9032499-212CR-Deferral\212CR-GraphicsEngine-Defferal\Main.cpp(117,8): warning C4838: conversion from 'int' to 'const float' requires a narrowing conversion
C:\Users\Brian\Desktop\Semester2Year2\Defferal 212CR Graphics\9032499-212CR-Deferral\212CR-GraphicsEngine-Defferal\Main.cpp(117,8): warning C4244: 'initializing': conversion from 'int' to 'const float', possible loss of data
C:\Users\Brian\Desktop\Semester2Year2\Defferal 212CR Graphics\9032499-212CR-Deferral\212CR-GraphicsEngine-Defferal\Main.cpp(117,14): warning C4838: conversion from 'int' to 'const float' requires a narrowing conversion
C:\Users\Brian\Desktop\Semester2Year2\Defferal 212CR Graphics\9032499-212CR-Deferral\212CR-GraphicsEngine-Defferal\Main.cpp(117,14): warning C4244: 'initializing': conversion from 'int' to 'const float', possible loss of data
C:\Users\Brian\Desktop\Semester2Year2\Defferal 212CR Graphics\9032499-212CR-Deferral\212CR-GraphicsEngine-Defferal\Main.cpp(118,2): warning C4838: conversion from 'int' to 'const float' requires a narrowing conversion
C:\Users\Brian\Desktop\Semester2Year2\Defferal 212CR Graphics\9032499-212CR-Deferral\212CR-GraphicsEngine-Defferal\Main.cpp(118,2): warning C4244: 'initializing': conversion from 'int' to 'const float', possible loss of data
C:\Users\Brian\Desktop\Semester2Year2\Defferal 212CR Graphics\9032499-212CR-Deferral\212CR-GraphicsEngine-Defferal\Main.cpp(118,7): warning C4838: conversion from 'int' to 'const float' requires a narrowing conversion
C:\Users\Brian\Desktop\Semester2Year2\Defferal 212CR Graphics\9032499-212CR-Deferral\212CR-GraphicsEngine-Defferal\Main.cpp(118,7): warning C4244: 'initializing': conversion from 'int' to 'const float', possible loss of data
C:\Users\Brian\Desktop\Semester2Year2\Defferal 212CR Graphics\9032499-212CR-Deferral\212CR-GraphicsEngine-Defferal\Main.cpp(118,13): warning C4838: conversion from 'int' to 'const float' requires a narrowing conversion
C:\Users\Brian\Desktop\Semester2Year2\Defferal 212CR Graphics\9032499-212CR-Deferral\212CR-GraphicsEngine-Defferal\Main.cpp(118,13): warning C4244: 'initializing': conversion from 'int' to 'const float', possible loss of data
C:\Users\Brian\Desktop\Semester2Year2\Defferal 212CR Graphics\9032499-212CR-Deferral\212CR-GraphicsEngine-Defferal\Main.cpp(119,2): warning C4838: conversion from 'int' to 'const float' requires a narrowing conversion
C:\Users\Brian\Desktop\Semester2Year2\Defferal 212CR Graphics\9032499-212CR-Deferral\212CR-GraphicsEngine-Defferal\Main.cpp(119,2): warning C4244: 'initializing': conversion from 'int' to 'const float', possible loss of data
C:\Users\Brian\Desktop\Semester2Year2\Defferal 212CR Graphics\9032499-212CR-Deferral\212CR-GraphicsEngine-Defferal\Main.cpp(119,8): warning C4838: conversion from 'int' to 'const float' requires a narrowing conversion
C:\Users\Brian\Desktop\Semester2Year2\Defferal 212CR Graphics\9032499-212CR-Deferral\212CR-GraphicsEngine-Defferal\Main.cpp(119,8): warning C4244: 'initializing': conversion from 'int' to 'const float', possible loss of data
C:\Users\Brian\Desktop\Semester2Year2\Defferal 212CR Graphics\9032499-212CR-Deferral\212CR-GraphicsEngine-Defferal\Main.cpp(119,13): warning C4838: conversion from 'int' to 'const float' requires a narrowing conversion
C:\Users\Brian\Desktop\Semester2Year2\Defferal 212CR Graphics\9032499-212CR-Deferral\212CR-GraphicsEngine-Defferal\Main.cpp(119,13): warning C4244: 'initializing': conversion from 'int' to 'const float', possible loss of data
C:\Users\Brian\Desktop\Semester2Year2\Defferal 212CR Graphics\9032499-212CR-Deferral\212CR-GraphicsEngine-Defferal\Main.cpp(120,2): warning C4838: conversion from 'int' to 'const float' requires a narrowing conversion
C:\Users\Brian\Desktop\Semester2Year2\Defferal 212CR Graphics\9032499-212CR-Deferral\212CR-GraphicsEngine-Defferal\Main.cpp(120,2): warning C4244: 'initializing': conversion from 'int' to 'const float', possible loss of data
C:\Users\Brian\Desktop\Semester2Year2\Defferal 212CR Graphics\9032499-212CR-Deferral\212CR-GraphicsEngine-Defferal\Main.cpp(120,7): warning C4838: conversion from 'int' to 'const float' requires a narrowing conversion
C:\Users\Brian\Desktop\Semester2Year2\Defferal 212CR Graphics\9032499-212CR-Deferral\212CR-GraphicsEngine-Defferal\Main.cpp(120,7): warning C4244: 'initializing': conversion from 'int' to 'const float', possible loss of data
C:\Users\Brian\Desktop\Semester2Year2\Defferal 212CR Graphics\9032499-212CR-Deferral\212CR-GraphicsEngine-Defferal\Main.cpp(120,13): warning C4838: conversion from 'int' to 'const float' requires a narrowing conversion
C:\Users\Brian\Desktop\Semester2Year2\Defferal 212CR Graphics\9032499-212CR-Deferral\212CR-GraphicsEngine-Defferal\Main.cpp(120,13): warning C4244: 'initializing': conversion from 'int' to 'const float', possible loss of data
C:\Users\Brian\Desktop\Semester2Year2\Defferal 212CR Graphics\9032499-212CR-Deferral\212CR-GraphicsEngine-Defferal\Main.cpp(121,2): warning C4838: conversion from 'int' to 'const float' requires a narrowing conversion
C:\Users\Brian\Desktop\Semester2Year2\Defferal 212CR Graphics\9032499-212CR-Deferral\212CR-GraphicsEngine-Defferal\Main.cpp(121,2): warning C4244: 'initializing': conversion from 'int' to 'const float', possible loss of data
C:\Users\Brian\Desktop\Semester2Year2\Defferal 212CR Graphics\9032499-212CR-Deferral\212CR-GraphicsEngine-Defferal\Main.cpp(121,8): warning C4838: conversion from 'int' to 'const float' requires a narrowing conversion
C:\Users\Brian\Desktop\Semester2Year2\Defferal 212CR Graphics\9032499-212CR-Deferral\212CR-GraphicsEngine-Defferal\Main.cpp(121,8): warning C4244: 'initializing': conversion from 'int' to 'const float', possible loss of data
C:\Users\Brian\Desktop\Semester2Year2\Defferal 212CR Graphics\9032499-212CR-Deferral\212CR-GraphicsEngine-Defferal\Main.cpp(121,14): warning C4838: conversion from 'int' to 'const float' requires a narrowing conversion
C:\Users\Brian\Desktop\Semester2Year2\Defferal 212CR Graphics\9032499-212CR-Deferral\212CR-GraphicsEngine-Defferal\Main.cpp(121,14): warning C4244: 'initializing': conversion from 'int' to 'const float', possible loss of data
C:\Users\Brian\Desktop\Semester2Year2\Defferal 212CR Graphics\9032499-212CR-Deferral\212CR-GraphicsEngine-Defferal\Main.cpp(122,2): warning C4838: conversion from 'int' to 'const float' requires a narrowing conversion
C:\Users\Brian\Desktop\Semester2Year2\Defferal 212CR Graphics\9032499-212CR-Deferral\212CR-GraphicsEngine-Defferal\Main.cpp(122,2): warning C4244: 'initializing': conversion from 'int' to 'const float', possible loss of data
C:\Users\Brian\Desktop\Semester2Year2\Defferal 212CR Graphics\9032499-212CR-Deferral\212CR-GraphicsEngine-Defferal\Main.cpp(122,8): warning C4838: conversion from 'int' to 'const float' requires a narrowing conversion
C:\Users\Brian\Desktop\Semester2Year2\Defferal 212CR Graphics\9032499-212CR-Deferral\212CR-GraphicsEngine-Defferal\Main.cpp(122,8): warning C4244: 'initializing': conversion from 'int' to 'const float', possible loss of data
C:\Users\Brian\Desktop\Semester2Year2\Defferal 212CR Graphics\9032499-212CR-Deferral\212CR-GraphicsEngine-Defferal\Main.cpp(122,14): warning C4838: conversion from 'int' to 'const float' requires a narrowing conversion
C:\Users\Brian\Desktop\Semester2Year2\Defferal 212CR Graphics\9032499-212CR-Deferral\212CR-GraphicsEngine-Defferal\Main.cpp(122,14): warning C4244: 'initializing': conversion from 'int' to 'const float', possible loss of data
C:\Users\Brian\Desktop\Semester2Year2\Defferal 212CR Graphics\9032499-212CR-Deferral\212CR-GraphicsEngine-Defferal\Main.cpp(123,2): warning C4838: conversion from 'int' to 'const float' requires a narrowing conversion
C:\Users\Brian\Desktop\Semester2Year2\Defferal 212CR Graphics\9032499-212CR-Deferral\212CR-GraphicsEngine-Defferal\Main.cpp(123,2): warning C4244: 'initializing': conversion from 'int' to 'const float', possible loss of data
C:\Users\Brian\Desktop\Semester2Year2\Defferal 212CR Graphics\9032499-212CR-Deferral\212CR-GraphicsEngine-Defferal\Main.cpp(123,9): warning C4838: conversion from 'int' to 'const float' requires a narrowing conversion
C:\Users\Brian\Desktop\Semester2Year2\Defferal 212CR Graphics\9032499-212CR-Deferral\212CR-GraphicsEngine-Defferal\Main.cpp(123,9): warning C4244: 'initializing': conversion from 'int' to 'const float', possible loss of data
C:\Users\Brian\Desktop\Semester2Year2\Defferal 212CR Graphics\9032499-212CR-Deferral\212CR-GraphicsEngine-Defferal\Main.cpp(123,15): warning C4838: conversion from 'int' to 'const float' requires a narrowing conversion
C:\Users\Brian\Desktop\Semester2Year2\Defferal 212CR Graphics\9032499-212CR-Deferral\212CR-GraphicsEngine-Defferal\Main.cpp(123,15): warning C4244: 'initializing': conversion from 'int' to 'const float', possible loss of data
C:\Users\Brian\Desktop\Semester2Year2\Defferal 212CR Graphics\9032499-212CR-Deferral\212CR-GraphicsEngine-Defferal\Main.cpp(124,2): warning C4838: conversion from 'int' to 'const float' requires a narrowing conversion
C:\Users\Brian\Desktop\Semester2Year2\Defferal 212CR Graphics\9032499-212CR-Deferral\212CR-GraphicsEngine-Defferal\Main.cpp(124,2): warning C4244: 'initializing': conversion from 'int' to 'const float', possible loss of data
C:\Users\Brian\Desktop\Semester2Year2\Defferal 212CR Graphics\9032499-212CR-Deferral\212CR-GraphicsEngine-Defferal\Main.cpp(124,9): warning C4838: conversion from 'int' to 'const float' requires a narrowing conversion
C:\Users\Brian\Desktop\Semester2Year2\Defferal 212CR Graphics\9032499-212CR-Deferral\212CR-GraphicsEngine-Defferal\Main.cpp(124,9): warning C4244: 'initializing': conversion from 'int' to 'const float', possible loss of data
C:\Users\Brian\Desktop\Semester2Year2\Defferal 212CR Graphics\9032499-212CR-Deferral\212CR-GraphicsEngine-Defferal\Main.cpp(124,14): warning C4838: conversion from 'int' to 'const float' requires a narrowing conversion
C:\Users\Brian\Desktop\Semester2Year2\Defferal 212CR Graphics\9032499-212CR-Deferral\212CR-GraphicsEngine-Defferal\Main.cpp(124,14): warning C4244: 'initializing': conversion from 'int' to 'const float', possible loss of data
C:\Users\Brian\Desktop\Semester2Year2\Defferal 212CR Graphics\9032499-212CR-Deferral\212CR-GraphicsEngine-Defferal\Main.cpp(125,2): warning C4838: conversion from 'int' to 'const float' requires a narrowing conversion
C:\Users\Brian\Desktop\Semester2Year2\Defferal 212CR Graphics\9032499-212CR-Deferral\212CR-GraphicsEngine-Defferal\Main.cpp(125,2): warning C4244: 'initializing': conversion from 'int' to 'const float', possible loss of data
C:\Users\Brian\Desktop\Semester2Year2\Defferal 212CR Graphics\9032499-212CR-Deferral\212CR-GraphicsEngine-Defferal\Main.cpp(125,7): warning C4838: conversion from 'int' to 'const float' requires a narrowing conversion
C:\Users\Brian\Desktop\Semester2Year2\Defferal 212CR Graphics\9032499-212CR-Deferral\212CR-GraphicsEngine-Defferal\Main.cpp(125,7): warning C4244: 'initializing': conversion from 'int' to 'const float', possible loss of data
C:\Users\Brian\Desktop\Semester2Year2\Defferal 212CR Graphics\9032499-212CR-Deferral\212CR-GraphicsEngine-Defferal\Main.cpp(125,14): warning C4838: conversion from 'int' to 'const float' requires a narrowing conversion
C:\Users\Brian\Desktop\Semester2Year2\Defferal 212CR Graphics\9032499-212CR-Deferral\212CR-GraphicsEngine-Defferal\Main.cpp(125,14): warning C4244: 'initializing': conversion from 'int' to 'const float', possible loss of data
C:\Users\Brian\Desktop\Semester2Year2\Defferal 212CR Graphics\9032499-212CR-Deferral\212CR-GraphicsEngine-Defferal\Main.cpp(126,2): warning C4838: conversion from 'int' to 'const float' requires a narrowing conversion
C:\Users\Brian\Desktop\Semester2Year2\Defferal 212CR Graphics\9032499-212CR-Deferral\212CR-GraphicsEngine-Defferal\Main.cpp(126,2): warning C4244: 'initializing': conversion from 'int' to 'const float', possible loss of data
C:\Users\Brian\Desktop\Semester2Year2\Defferal 212CR Graphics\9032499-212CR-Deferral\212CR-GraphicsEngine-Defferal\Main.cpp(126,8): warning C4838: conversion from 'int' to 'const float' requires a narrowing conversion
C:\Users\Brian\Desktop\Semester2Year2\Defferal 212CR Graphics\9032499-212CR-Deferral\212CR-GraphicsEngine-Defferal\Main.cpp(126,8): warning C4244: 'initializing': conversion from 'int' to 'const float', possible loss of data
C:\Users\Brian\Desktop\Semester2Year2\Defferal 212CR Graphics\9032499-212CR-Deferral\212CR-GraphicsEngine-Defferal\Main.cpp(126,15): warning C4838: conversion from 'int' to 'const float' requires a narrowing conversion
C:\Users\Brian\Desktop\Semester2Year2\Defferal 212CR Graphics\9032499-212CR-Deferral\212CR-GraphicsEngine-Defferal\Main.cpp(126,15): warning C4244: 'initializing': conversion from 'int' to 'const float', possible loss of data
C:\Users\Brian\Desktop\Semester2Year2\Defferal 212CR Graphics\9032499-212CR-Deferral\212CR-GraphicsEngine-Defferal\Main.cpp(127,2): warning C4838: conversion from 'int' to 'const float' requires a narrowing conversion
C:\Users\Brian\Desktop\Semester2Year2\Defferal 212CR Graphics\9032499-212CR-Deferral\212CR-GraphicsEngine-Defferal\Main.cpp(127,2): warning C4244: 'initializing': conversion from 'int' to 'const float', possible loss of data
C:\Users\Brian\Desktop\Semester2Year2\Defferal 212CR Graphics\9032499-212CR-Deferral\212CR-GraphicsEngine-Defferal\Main.cpp(127,8): warning C4838: conversion from 'int' to 'const float' requires a narrowing conversion
C:\Users\Brian\Desktop\Semester2Year2\Defferal 212CR Graphics\9032499-212CR-Deferral\212CR-GraphicsEngine-Defferal\Main.cpp(127,8): warning C4244: 'initializing': conversion from 'int' to 'const float', possible loss of data
C:\Users\Brian\Desktop\Semester2Year2\Defferal 212CR Graphics\9032499-212CR-Deferral\212CR-GraphicsEngine-Defferal\Main.cpp(127,14): warning C4838: conversion from 'int' to 'const float' requires a narrowing conversion
C:\Users\Brian\Desktop\Semester2Year2\Defferal 212CR Graphics\9032499-212CR-Deferral\212CR-GraphicsEngine-Defferal\Main.cpp(127,14): warning C4244: 'initializing': conversion from 'int' to 'const float', possible loss of data
C:\Users\Brian\Desktop\Semester2Year2\Defferal 212CR Graphics\9032499-212CR-Deferral\212CR-GraphicsEngine-Defferal\Main.cpp(128,2): warning C4838: conversion from 'int' to 'const float' requires a narrowing conversion
C:\Users\Brian\Desktop\Semester2Year2\Defferal 212CR Graphics\9032499-212CR-Deferral\212CR-GraphicsEngine-Defferal\Main.cpp(128,2): warning C4244: 'initializing': conversion from 'int' to 'const float', possible loss of data
C:\Users\Brian\Desktop\Semester2Year2\Defferal 212CR Graphics\9032499-212CR-Deferral\212CR-GraphicsEngine-Defferal\Main.cpp(128,9): warning C4838: conversion from 'int' to 'const float' requires a narrowing conversion
C:\Users\Brian\Desktop\Semester2Year2\Defferal 212CR Graphics\9032499-212CR-Deferral\212CR-GraphicsEngine-Defferal\Main.cpp(128,9): warning C4244: 'initializing': conversion from 'int' to 'const float', possible loss of data
C:\Users\Brian\Desktop\Semester2Year2\Defferal 212CR Graphics\9032499-212CR-Deferral\212CR-GraphicsEngine-Defferal\Main.cpp(128,15): warning C4838: conversion from 'int' to 'const float' requires a narrowing conversion
C:\Users\Brian\Desktop\Semester2Year2\Defferal 212CR Graphics\9032499-212CR-Deferral\212CR-GraphicsEngine-Defferal\Main.cpp(128,15): warning C4244: 'initializing': conversion from 'int' to 'const float', possible loss of data
C:\Users\Brian\Desktop\Semester2Year2\Defferal 212CR Graphics\9032499-212CR-Deferral\212CR-GraphicsEngine-Defferal\Main.cpp(129,2): warning C4838: conversion from 'int' to 'const float' requires a narrowing conversion
C:\Users\Brian\Desktop\Semester2Year2\Defferal 212CR Graphics\9032499-212CR-Deferral\212CR-GraphicsEngine-Defferal\Main.cpp(129,2): warning C4244: 'initializing': conversion from 'int' to 'const float', possible loss of data
C:\Users\Brian\Desktop\Semester2Year2\Defferal 212CR Graphics\9032499-212CR-Deferral\212CR-GraphicsEngine-Defferal\Main.cpp(129,8): warning C4838: conversion from 'int' to 'const float' requires a narrowing conversion
C:\Users\Brian\Desktop\Semester2Year2\Defferal 212CR Graphics\9032499-212CR-Deferral\212CR-GraphicsEngine-Defferal\Main.cpp(129,8): warning C4244: 'initializing': conversion from 'int' to 'const float', possible loss of data
C:\Users\Brian\Desktop\Semester2Year2\Defferal 212CR Graphics\9032499-212CR-Deferral\212CR-GraphicsEngine-Defferal\Main.cpp(129,15): warning C4838: conversion from 'int' to 'const float' requires a narrowing conversion
C:\Users\Brian\Desktop\Semester2Year2\Defferal 212CR Graphics\9032499-212CR-Deferral\212CR-GraphicsEngine-Defferal\Main.cpp(129,15): warning C4244: 'initializing': conversion from 'int' to 'const float', possible loss of data
C:\Users\Brian\Desktop\Semester2Year2\Defferal 212CR Graphics\9032499-212CR-Deferral\212CR-GraphicsEngine-Defferal\Main.cpp(130,2): warning C4838: conversion from 'int' to 'const float' requires a narrowing conversion
C:\Users\Brian\Desktop\Semester2Year2\Defferal 212CR Graphics\9032499-212CR-Deferral\212CR-GraphicsEngine-Defferal\Main.cpp(130,2): warning C4244: 'initializing': conversion from 'int' to 'const float', possible loss of data
C:\Users\Brian\Desktop\Semester2Year2\Defferal 212CR Graphics\9032499-212CR-Deferral\212CR-GraphicsEngine-Defferal\Main.cpp(130,7): warning C4838: conversion from 'int' to 'const float' requires a narrowing conversion
C:\Users\Brian\Desktop\Semester2Year2\Defferal 212CR Graphics\9032499-212CR-Deferral\212CR-GraphicsEngine-Defferal\Main.cpp(130,7): warning C4244: 'initializing': conversion from 'int' to 'const float', possible loss of data
C:\Users\Brian\Desktop\Semester2Year2\Defferal 212CR Graphics\9032499-212CR-Deferral\212CR-GraphicsEngine-Defferal\Main.cpp(130,14): warning C4838: conversion from 'int' to 'const float' requires a narrowing conversion
C:\Users\Brian\Desktop\Semester2Year2\Defferal 212CR Graphics\9032499-212CR-Deferral\212CR-GraphicsEngine-Defferal\Main.cpp(130,14): warning C4244: 'initializing': conversion from 'int' to 'const float', possible loss of data
C:\Users\Brian\Desktop\Semester2Year2\Defferal 212CR Graphics\9032499-212CR-Deferral\212CR-GraphicsEngine-Defferal\Main.cpp(131,2): warning C4838: conversion from 'int' to 'const float' requires a narrowing conversion
C:\Users\Brian\Desktop\Semester2Year2\Defferal 212CR Graphics\9032499-212CR-Deferral\212CR-GraphicsEngine-Defferal\Main.cpp(131,2): warning C4244: 'initializing': conversion from 'int' to 'const float', possible loss of data
C:\Users\Brian\Desktop\Semester2Year2\Defferal 212CR Graphics\9032499-212CR-Deferral\212CR-GraphicsEngine-Defferal\Main.cpp(131,8): warning C4838: conversion from 'int' to 'const float' requires a narrowing conversion
C:\Users\Brian\Desktop\Semester2Year2\Defferal 212CR Graphics\9032499-212CR-Deferral\212CR-GraphicsEngine-Defferal\Main.cpp(131,8): warning C4244: 'initializing': conversion from 'int' to 'const float', possible loss of data
C:\Users\Brian\Desktop\Semester2Year2\Defferal 212CR Graphics\9032499-212CR-Deferral\212CR-GraphicsEngine-Defferal\Main.cpp(131,14): warning C4838: conversion from 'int' to 'const float' requires a narrowing conversion
C:\Users\Brian\Desktop\Semester2Year2\Defferal 212CR Graphics\9032499-212CR-Deferral\212CR-GraphicsEngine-Defferal\Main.cpp(131,14): warning C4244: 'initializing': conversion from 'int' to 'const float', possible loss of data
C:\Users\Brian\Desktop\Semester2Year2\Defferal 212CR Graphics\9032499-212CR-Deferral\212CR-GraphicsEngine-Defferal\Main.cpp(132,2): warning C4838: conversion from 'int' to 'const float' requires a narrowing conversion
C:\Users\Brian\Desktop\Semester2Year2\Defferal 212CR Graphics\9032499-212CR-Deferral\212CR-GraphicsEngine-Defferal\Main.cpp(132,2): warning C4244: 'initializing': conversion from 'int' to 'const float', possible loss of data
C:\Users\Brian\Desktop\Semester2Year2\Defferal 212CR Graphics\9032499-212CR-Deferral\212CR-GraphicsEngine-Defferal\Main.cpp(132,7): warning C4838: conversion from 'int' to 'const float' requires a narrowing conversion
C:\Users\Brian\Desktop\Semester2Year2\Defferal 212CR Graphics\9032499-212CR-Deferral\212CR-GraphicsEngine-Defferal\Main.cpp(132,7): warning C4244: 'initializing': conversion from 'int' to 'const float', possible loss of data
C:\Users\Brian\Desktop\Semester2Year2\Defferal 212CR Graphics\9032499-212CR-Deferral\212CR-GraphicsEngine-Defferal\Main.cpp(132,13): warning C4838: conversion from 'int' to 'const float' requires a narrowing conversion
C:\Users\Brian\Desktop\Semester2Year2\Defferal 212CR Graphics\9032499-212CR-Deferral\212CR-GraphicsEngine-Defferal\Main.cpp(132,13): warning C4244: 'initializing': conversion from 'int' to 'const float', possible loss of data
C:\Users\Brian\Desktop\Semester2Year2\Defferal 212CR Graphics\9032499-212CR-Deferral\212CR-GraphicsEngine-Defferal\Main.cpp(133,2): warning C4838: conversion from 'int' to 'const float' requires a narrowing conversion
C:\Users\Brian\Desktop\Semester2Year2\Defferal 212CR Graphics\9032499-212CR-Deferral\212CR-GraphicsEngine-Defferal\Main.cpp(133,2): warning C4244: 'initializing': conversion from 'int' to 'const float', possible loss of data
C:\Users\Brian\Desktop\Semester2Year2\Defferal 212CR Graphics\9032499-212CR-Deferral\212CR-GraphicsEngine-Defferal\Main.cpp(133,8): warning C4838: conversion from 'int' to 'const float' requires a narrowing conversion
C:\Users\Brian\Desktop\Semester2Year2\Defferal 212CR Graphics\9032499-212CR-Deferral\212CR-GraphicsEngine-Defferal\Main.cpp(133,8): warning C4244: 'initializing': conversion from 'int' to 'const float', possible loss of data
C:\Users\Brian\Desktop\Semester2Year2\Defferal 212CR Graphics\9032499-212CR-Deferral\212CR-GraphicsEngine-Defferal\Main.cpp(133,13): warning C4838: conversion from 'int' to 'const float' requires a narrowing conversion
C:\Users\Brian\Desktop\Semester2Year2\Defferal 212CR Graphics\9032499-212CR-Deferral\212CR-GraphicsEngine-Defferal\Main.cpp(133,13): warning C4244: 'initializing': conversion from 'int' to 'const float', possible loss of data
C:\Users\Brian\Desktop\Semester2Year2\Defferal 212CR Graphics\9032499-212CR-Deferral\212CR-GraphicsEngine-Defferal\Main.cpp(134,2): warning C4838: conversion from 'int' to 'const float' requires a narrowing conversion
C:\Users\Brian\Desktop\Semester2Year2\Defferal 212CR Graphics\9032499-212CR-Deferral\212CR-GraphicsEngine-Defferal\Main.cpp(134,2): warning C4244: 'initializing': conversion from 'int' to 'const float', possible loss of data
C:\Users\Brian\Desktop\Semester2Year2\Defferal 212CR Graphics\9032499-212CR-Deferral\212CR-GraphicsEngine-Defferal\Main.cpp(134,7): warning C4838: conversion from 'int' to 'const float' requires a narrowing conversion
C:\Users\Brian\Desktop\Semester2Year2\Defferal 212CR Graphics\9032499-212CR-Deferral\212CR-GraphicsEngine-Defferal\Main.cpp(134,7): warning C4244: 'initializing': conversion from 'int' to 'const float', possible loss of data
C:\Users\Brian\Desktop\Semester2Year2\Defferal 212CR Graphics\9032499-212CR-Deferral\212CR-GraphicsEngine-Defferal\Main.cpp(134,13): warning C4838: conversion from 'int' to 'const float' requires a narrowing conversion
C:\Users\Brian\Desktop\Semester2Year2\Defferal 212CR Graphics\9032499-212CR-Deferral\212CR-GraphicsEngine-Defferal\Main.cpp(134,13): warning C4244: 'initializing': conversion from 'int' to 'const float', possible loss of data
C:\Users\Brian\Desktop\Semester2Year2\Defferal 212CR Graphics\9032499-212CR-Deferral\212CR-GraphicsEngine-Defferal\Main.cpp(135,2): warning C4838: conversion from 'int' to 'const float' requires a narrowing conversion
C:\Users\Brian\Desktop\Semester2Year2\Defferal 212CR Graphics\9032499-212CR-Deferral\212CR-GraphicsEngine-Defferal\Main.cpp(135,2): warning C4244: 'initializing': conversion from 'int' to 'const float', possible loss of data
C:\Users\Brian\Desktop\Semester2Year2\Defferal 212CR Graphics\9032499-212CR-Deferral\212CR-GraphicsEngine-Defferal\Main.cpp(135,8): warning C4838: conversion from 'int' to 'const float' requires a narrowing conversion
C:\Users\Brian\Desktop\Semester2Year2\Defferal 212CR Graphics\9032499-212CR-Deferral\212CR-GraphicsEngine-Defferal\Main.cpp(135,8): warning C4244: 'initializing': conversion from 'int' to 'const float', possible loss of data
C:\Users\Brian\Desktop\Semester2Year2\Defferal 212CR Graphics\9032499-212CR-Deferral\212CR-GraphicsEngine-Defferal\Main.cpp(135,14): warning C4838: conversion from 'int' to 'const float' requires a narrowing conversion
C:\Users\Brian\Desktop\Semester2Year2\Defferal 212CR Graphics\9032499-212CR-Deferral\212CR-GraphicsEngine-Defferal\Main.cpp(135,14): warning C4244: 'initializing': conversion from 'int' to 'const float', possible loss of data
C:\Users\Brian\Desktop\Semester2Year2\Defferal 212CR Graphics\9032499-212CR-Deferral\212CR-GraphicsEngine-Defferal\Main.cpp(136,2): warning C4838: conversion from 'int' to 'const float' requires a narrowing conversion
C:\Users\Brian\Desktop\Semester2Year2\Defferal 212CR Graphics\9032499-212CR-Deferral\212CR-GraphicsEngine-Defferal\Main.cpp(136,2): warning C4244: 'initializing': conversion from 'int' to 'const float', possible loss of data
C:\Users\Brian\Desktop\Semester2Year2\Defferal 212CR Graphics\9032499-212CR-Deferral\212CR-GraphicsEngine-Defferal\Main.cpp(136,7): warning C4838: conversion from 'int' to 'const float' requires a narrowing conversion
C:\Users\Brian\Desktop\Semester2Year2\Defferal 212CR Graphics\9032499-212CR-Deferral\212CR-GraphicsEngine-Defferal\Main.cpp(136,7): warning C4244: 'initializing': conversion from 'int' to 'const float', possible loss of data
C:\Users\Brian\Desktop\Semester2Year2\Defferal 212CR Graphics\9032499-212CR-Deferral\212CR-GraphicsEngine-Defferal\Main.cpp(136,14): warning C4838: conversion from 'int' to 'const float' requires a narrowing conversion
C:\Users\Brian\Desktop\Semester2Year2\Defferal 212CR Graphics\9032499-212CR-Deferral\212CR-GraphicsEngine-Defferal\Main.cpp(136,14): warning C4244: 'initializing': conversion from 'int' to 'const float', possible loss of data
C:\Users\Brian\Desktop\Semester2Year2\Defferal 212CR Graphics\9032499-212CR-Deferral\212CR-GraphicsEngine-Defferal\Main.cpp(137,2): warning C4838: conversion from 'int' to 'const float' requires a narrowing conversion
C:\Users\Brian\Desktop\Semester2Year2\Defferal 212CR Graphics\9032499-212CR-Deferral\212CR-GraphicsEngine-Defferal\Main.cpp(137,2): warning C4244: 'initializing': conversion from 'int' to 'const float', possible loss of data
C:\Users\Brian\Desktop\Semester2Year2\Defferal 212CR Graphics\9032499-212CR-Deferral\212CR-GraphicsEngine-Defferal\Main.cpp(137,8): warning C4838: conversion from 'int' to 'const float' requires a narrowing conversion
C:\Users\Brian\Desktop\Semester2Year2\Defferal 212CR Graphics\9032499-212CR-Deferral\212CR-GraphicsEngine-Defferal\Main.cpp(137,8): warning C4244: 'initializing': conversion from 'int' to 'const float', possible loss of data
C:\Users\Brian\Desktop\Semester2Year2\Defferal 212CR Graphics\9032499-212CR-Deferral\212CR-GraphicsEngine-Defferal\Main.cpp(137,14): warning C4838: conversion from 'int' to 'const float' requires a narrowing conversion
C:\Users\Brian\Desktop\Semester2Year2\Defferal 212CR Graphics\9032499-212CR-Deferral\212CR-GraphicsEngine-Defferal\Main.cpp(137,14): warning C4244: 'initializing': conversion from 'int' to 'const float', possible loss of data
C:\Users\Brian\Desktop\Semester2Year2\Defferal 212CR Graphics\9032499-212CR-Deferral\212CR-GraphicsEngine-Defferal\Main.cpp(138,2): warning C4838: conversion from 'int' to 'const float' requires a narrowing conversion
C:\Users\Brian\Desktop\Semester2Year2\Defferal 212CR Graphics\9032499-212CR-Deferral\212CR-GraphicsEngine-Defferal\Main.cpp(138,2): warning C4244: 'initializing': conversion from 'int' to 'const float', possible loss of data
C:\Users\Brian\Desktop\Semester2Year2\Defferal 212CR Graphics\9032499-212CR-Deferral\212CR-GraphicsEngine-Defferal\Main.cpp(138,8): warning C4838: conversion from 'int' to 'const float' requires a narrowing conversion
C:\Users\Brian\Desktop\Semester2Year2\Defferal 212CR Graphics\9032499-212CR-Deferral\212CR-GraphicsEngine-Defferal\Main.cpp(138,8): warning C4244: 'initializing': conversion from 'int' to 'const float', possible loss of data
C:\Users\Brian\Desktop\Semester2Year2\Defferal 212CR Graphics\9032499-212CR-Deferral\212CR-GraphicsEngine-Defferal\Main.cpp(138,13): warning C4838: conversion from 'int' to 'const float' requires a narrowing conversion
C:\Users\Brian\Desktop\Semester2Year2\Defferal 212CR Graphics\9032499-212CR-Deferral\212CR-GraphicsEngine-Defferal\Main.cpp(138,13): warning C4244: 'initializing': conversion from 'int' to 'const float', possible loss of data
C:\Users\Brian\Desktop\Semester2Year2\Defferal 212CR Graphics\9032499-212CR-Deferral\212CR-GraphicsEngine-Defferal\Main.cpp(139,2): warning C4838: conversion from 'int' to 'const float' requires a narrowing conversion
C:\Users\Brian\Desktop\Semester2Year2\Defferal 212CR Graphics\9032499-212CR-Deferral\212CR-GraphicsEngine-Defferal\Main.cpp(139,2): warning C4244: 'initializing': conversion from 'int' to 'const float', possible loss of data
C:\Users\Brian\Desktop\Semester2Year2\Defferal 212CR Graphics\9032499-212CR-Deferral\212CR-GraphicsEngine-Defferal\Main.cpp(139,9): warning C4838: conversion from 'int' to 'const float' requires a narrowing conversion
C:\Users\Brian\Desktop\Semester2Year2\Defferal 212CR Graphics\9032499-212CR-Deferral\212CR-GraphicsEngine-Defferal\Main.cpp(139,9): warning C4244: 'initializing': conversion from 'int' to 'const float', possible loss of data
C:\Users\Brian\Desktop\Semester2Year2\Defferal 212CR Graphics\9032499-212CR-Deferral\212CR-GraphicsEngine-Defferal\Main.cpp(139,14): warning C4838: conversion from 'int' to 'const float' requires a narrowing conversion
C:\Users\Brian\Desktop\Semester2Year2\Defferal 212CR Graphics\9032499-212CR-Deferral\212CR-GraphicsEngine-Defferal\Main.cpp(139,14): warning C4244: 'initializing': conversion from 'int' to 'const float', possible loss of data
C:\Users\Brian\Desktop\Semester2Year2\Defferal 212CR Graphics\9032499-212CR-Deferral\212CR-GraphicsEngine-Defferal\Main.cpp(140,2): warning C4838: conversion from 'int' to 'const float' requires a narrowing conversion
C:\Users\Brian\Desktop\Semester2Year2\Defferal 212CR Graphics\9032499-212CR-Deferral\212CR-GraphicsEngine-Defferal\Main.cpp(140,2): warning C4244: 'initializing': conversion from 'int' to 'const float', possible loss of data
C:\Users\Brian\Desktop\Semester2Year2\Defferal 212CR Graphics\9032499-212CR-Deferral\212CR-GraphicsEngine-Defferal\Main.cpp(140,8): warning C4838: conversion from 'int' to 'const float' requires a narrowing conversion
C:\Users\Brian\Desktop\Semester2Year2\Defferal 212CR Graphics\9032499-212CR-Deferral\212CR-GraphicsEngine-Defferal\Main.cpp(140,8): warning C4244: 'initializing': conversion from 'int' to 'const float', possible loss of data
C:\Users\Brian\Desktop\Semester2Year2\Defferal 212CR Graphics\9032499-212CR-Deferral\212CR-GraphicsEngine-Defferal\Main.cpp(140,14): warning C4838: conversion from 'int' to 'const float' requires a narrowing conversion
C:\Users\Brian\Desktop\Semester2Year2\Defferal 212CR Graphics\9032499-212CR-Deferral\212CR-GraphicsEngine-Defferal\Main.cpp(140,14): warning C4244: 'initializing': conversion from 'int' to 'const float', possible loss of data
C:\Users\Brian\Desktop\Semester2Year2\Defferal 212CR Graphics\9032499-212CR-Deferral\212CR-GraphicsEngine-Defferal\Main.cpp(141,2): warning C4838: conversion from 'int' to 'const float' requires a narrowing conversion
C:\Users\Brian\Desktop\Semester2Year2\Defferal 212CR Graphics\9032499-212CR-Deferral\212CR-GraphicsEngine-Defferal\Main.cpp(141,2): warning C4244: 'initializing': conversion from 'int' to 'const float', possible loss of data
C:\Users\Brian\Desktop\Semester2Year2\Defferal 212CR Graphics\9032499-212CR-Deferral\212CR-GraphicsEngine-Defferal\Main.cpp(141,9): warning C4838: conversion from 'int' to 'const float' requires a narrowing conversion
C:\Users\Brian\Desktop\Semester2Year2\Defferal 212CR Graphics\9032499-212CR-Deferral\212CR-GraphicsEngine-Defferal\Main.cpp(141,9): warning C4244: 'initializing': conversion from 'int' to 'const float', possible loss of data
C:\Users\Brian\Desktop\Semester2Year2\Defferal 212CR Graphics\9032499-212CR-Deferral\212CR-GraphicsEngine-Defferal\Main.cpp(141,14): warning C4838: conversion from 'int' to 'const float' requires a narrowing conversion
C:\Users\Brian\Desktop\Semester2Year2\Defferal 212CR Graphics\9032499-212CR-Deferral\212CR-GraphicsEngine-Defferal\Main.cpp(141,14): warning C4244: 'initializing': conversion from 'int' to 'const float', possible loss of data
C:\Users\Brian\Desktop\Semester2Year2\Defferal 212CR Graphics\9032499-212CR-Deferral\212CR-GraphicsEngine-Defferal\Main.cpp(142,2): warning C4838: conversion from 'int' to 'const float' requires a narrowing conversion
C:\Users\Brian\Desktop\Semester2Year2\Defferal 212CR Graphics\9032499-212CR-Deferral\212CR-GraphicsEngine-Defferal\Main.cpp(142,2): warning C4244: 'initializing': conversion from 'int' to 'const float', possible loss of data
C:\Users\Brian\Desktop\Semester2Year2\Defferal 212CR Graphics\9032499-212CR-Deferral\212CR-GraphicsEngine-Defferal\Main.cpp(142,9): warning C4838: conversion from 'int' to 'const float' requires a narrowing conversion
C:\Users\Brian\Desktop\Semester2Year2\Defferal 212CR Graphics\9032499-212CR-Deferral\212CR-GraphicsEngine-Defferal\Main.cpp(142,9): warning C4244: 'initializing': conversion from 'int' to 'const float', possible loss of data
C:\Users\Brian\Desktop\Semester2Year2\Defferal 212CR Graphics\9032499-212CR-Deferral\212CR-GraphicsEngine-Defferal\Main.cpp(142,15): warning C4838: conversion from 'int' to 'const float' requires a narrowing conversion
C:\Users\Brian\Desktop\Semester2Year2\Defferal 212CR Graphics\9032499-212CR-Deferral\212CR-GraphicsEngine-Defferal\Main.cpp(142,15): warning C4244: 'initializing': conversion from 'int' to 'const float', possible loss of data
C:\Users\Brian\Desktop\Semester2Year2\Defferal 212CR Graphics\9032499-212CR-Deferral\212CR-GraphicsEngine-Defferal\Main.cpp(143,2): warning C4838: conversion from 'int' to 'const float' requires a narrowing conversion
C:\Users\Brian\Desktop\Semester2Year2\Defferal 212CR Graphics\9032499-212CR-Deferral\212CR-GraphicsEngine-Defferal\Main.cpp(143,2): warning C4244: 'initializing': conversion from 'int' to 'const float', possible loss of data
C:\Users\Brian\Desktop\Semester2Year2\Defferal 212CR Graphics\9032499-212CR-Deferral\212CR-GraphicsEngine-Defferal\Main.cpp(143,8): warning C4838: conversion from 'int' to 'const float' requires a narrowing conversion
C:\Users\Brian\Desktop\Semester2Year2\Defferal 212CR Graphics\9032499-212CR-Deferral\212CR-GraphicsEngine-Defferal\Main.cpp(143,8): warning C4244: 'initializing': conversion from 'int' to 'const float', possible loss of data
C:\Users\Brian\Desktop\Semester2Year2\Defferal 212CR Graphics\9032499-212CR-Deferral\212CR-GraphicsEngine-Defferal\Main.cpp(143,14): warning C4838: conversion from 'int' to 'const float' requires a narrowing conversion
C:\Users\Brian\Desktop\Semester2Year2\Defferal 212CR Graphics\9032499-212CR-Deferral\212CR-GraphicsEngine-Defferal\Main.cpp(143,14): warning C4244: 'initializing': conversion from 'int' to 'const float', possible loss of data
C:\Users\Brian\Desktop\Semester2Year2\Defferal 212CR Graphics\9032499-212CR-Deferral\212CR-GraphicsEngine-Defferal\Main.cpp(144,2): warning C4838: conversion from 'int' to 'const float' requires a narrowing conversion
C:\Users\Brian\Desktop\Semester2Year2\Defferal 212CR Graphics\9032499-212CR-Deferral\212CR-GraphicsEngine-Defferal\Main.cpp(144,2): warning C4244: 'initializing': conversion from 'int' to 'const float', possible loss of data
C:\Users\Brian\Desktop\Semester2Year2\Defferal 212CR Graphics\9032499-212CR-Deferral\212CR-GraphicsEngine-Defferal\Main.cpp(144,9): warning C4838: conversion from 'int' to 'const float' requires a narrowing conversion
C:\Users\Brian\Desktop\Semester2Year2\Defferal 212CR Graphics\9032499-212CR-Deferral\212CR-GraphicsEngine-Defferal\Main.cpp(144,9): warning C4244: 'initializing': conversion from 'int' to 'const float', possible loss of data
C:\Users\Brian\Desktop\Semester2Year2\Defferal 212CR Graphics\9032499-212CR-Deferral\212CR-GraphicsEngine-Defferal\Main.cpp(144,15): warning C4838: conversion from 'int' to 'const float' requires a narrowing conversion
C:\Users\Brian\Desktop\Semester2Year2\Defferal 212CR Graphics\9032499-212CR-Deferral\212CR-GraphicsEngine-Defferal\Main.cpp(144,15): warning C4244: 'initializing': conversion from 'int' to 'const float', possible loss of data
C:\Users\Brian\Desktop\Semester2Year2\Defferal 212CR Graphics\9032499-212CR-Deferral\212CR-GraphicsEngine-Defferal\Main.cpp(145,2): warning C4838: conversion from 'int' to 'const float' requires a narrowing conversion
C:\Users\Brian\Desktop\Semester2Year2\Defferal 212CR Graphics\9032499-212CR-Deferral\212CR-GraphicsEngine-Defferal\Main.cpp(145,2): warning C4244: 'initializing': conversion from 'int' to 'const float', possible loss of data
C:\Users\Brian\Desktop\Semester2Year2\Defferal 212CR Graphics\9032499-212CR-Deferral\212CR-GraphicsEngine-Defferal\Main.cpp(145,7): warning C4838: conversion from 'int' to 'const float' requires a narrowing conversion
C:\Users\Brian\Desktop\Semester2Year2\Defferal 212CR Graphics\9032499-212CR-Deferral\212CR-GraphicsEngine-Defferal\Main.cpp(145,7): warning C4244: 'initializing': conversion from 'int' to 'const float', possible loss of data
C:\Users\Brian\Desktop\Semester2Year2\Defferal 212CR Graphics\9032499-212CR-Deferral\212CR-GraphicsEngine-Defferal\Main.cpp(145,14): warning C4838: conversion from 'int' to 'const float' requires a narrowing conversion
C:\Users\Brian\Desktop\Semester2Year2\Defferal 212CR Graphics\9032499-212CR-Deferral\212CR-GraphicsEngine-Defferal\Main.cpp(145,14): warning C4244: 'initializing': conversion from 'int' to 'const float', possible loss of data
C:\Users\Brian\Desktop\Semester2Year2\Defferal 212CR Graphics\9032499-212CR-Deferral\212CR-GraphicsEngine-Defferal\Main.cpp(326,20): warning C4244: '=': conversion from 'double' to 'float', possible loss of data
  212CR-GraphicsEngine-Defferal.vcxproj -> C:\Users\Brian\Desktop\Semester2Year2\Defferal 212CR Graphics\9032499-212CR-Deferral\212CR-GraphicsEngine-Defferal\x64\Debug\212CR-GraphicsEngine-Defferal.exe
